<?xml version="1.0" encoding="UTF-8"?>
<testsuite xmlns:xsi="http://www.w3.org/2001/XMLSchema-instance" xsi:noNamespaceSchemaLocation="https://maven.apache.org/surefire/maven-surefire-plugin/xsd/surefire-test-report-3.0.xsd" version="3.0" name="TestSuite" time="1.034" tests="2" errors="0" skipped="0" failures="0">
  <properties>
[...]
</properties>
  <testcase name="craetecustomer" classname="Demo.Actitime.createcust" time="0.011">
    <system-out><![CDATA[craete customer
]]></system-out>
  </testcase>
  <testcase name="craetetasks" classname="Demo.Actitime.creattask" time="0.002">
    <system-out><![CDATA[create tasks
]]></system-out>
  </testcase>
</testsuite>